This is pdfTeX, Version 3.14159265-2.6-1.40.18 (TeX Live 2017/Debian) (preloaded format=pdftex 2019.10.7)  8 FEB 2020 18:03
entering extended mode
 restricted \write18 enabled.
 %&-line parsing enabled.
**rapport_projet.tex
(./rapport_projet.tex
! Undefined control sequence.
l.3 \documentclass
                  {article}
? 
! Undefined control sequence.
l.7 \usepackage
               [utf8]{inputenc} 		% encodage des caracteres utilise (pour le...

? 
! Undefined control sequence.
l.9 \usepackage
               [french]{babel}		% pour une mise en forme "francaise"
? 
! Undefined control sequence.
l.10 \usepackage
                {amsmath,amssymb,amsthm}	% pour les maths
? 
! Undefined control sequence.
l.11 \usepackage
                {graphicx}			% pour inclure des graphiques
? 
! Undefined control sequence.
l.13 \usepackage
                [hidelinks]{hyperref}
? 
! Undefined control sequence.
l.14 \usepackage
                {color}			% pour ajouter des couleurs dans vos textes
? 
! Undefined control sequence.
l.15 \usepackage
                {geometry}
? 
! Undefined control sequence.
l.16 \geometry
              {hmargin=2.5cm,vmargin=3cm}
? 
! Undefined control sequence.
l.17 \renewcommand
                  {\contentsname}{\centering Contents}
? 
! Undefined control sequence.
l.17 \renewcommand{\contentsname
                                }{\centering Contents}
? 
! Missing number, treated as zero.
<to be read again> 
                   C
l.17 \renewcommand{\contentsname}{\centering C
                                              ontents}
? 
! Illegal unit of measure (pt inserted).
<to be read again> 
                   C
<to be read again> 
                   o
l.17 \renewcommand{\contentsname}{\centering Co
                                               ntents}
? 
! Undefined control sequence.
l.20 \begin
           {document}
? 
! Undefined control sequence.
l.21 \begin
           {titlepage}
? 
! Undefined control sequence.
l.22     \begin
               {flushleft}
? 
! Undefined control sequence.
l.23     \includegraphics
                         [width=11em]{logo.png}\\[1.5cm]
? 
Runaway argument?
[1.5cm] \end {flushleft} \begin {center} \textsc {{\LARGE \ Master Do\ETC.
! Paragraph ended before \\ was complete.
<to be read again> 
                   \par 
l.43 
     
? 
! Undefined control sequence.
l.44 \maketitle
               
? 
! Undefined control sequence.
l.45 \tableofcontents
                     					% si on veut une table des matieres
? 
! Undefined control sequence.
l.48 \newpage
             
? 
! Undefined control sequence.
l.51 \section
             {Introduction}
? 
! Undefined control sequence.
l.52 \paragraph
               {}
? 
! Undefined control sequence.
l.53     \begin
               {Large}\\[3.5cm]
? 
Runaway argument?
[3.5cm] \begin {center} \end {center} \end {Large} \newpage 
! Paragraph ended before \\ was complete.
<to be read again> 
                   \par 
l.59 
     
? 
! Undefined control sequence.
l.62 \section
             {Conclusion}
? 
[1{/var/lib/texmf/fonts/map/pdftex/updmap/pdftex.map}] )</usr/share/texlive/tex
mf-dist/fonts/type1/public/amsfonts/cm/cmr10.pfb>
Output written on rapport_projet.pdf (1 page, 17883 bytes).
PDF statistics:
 12 PDF objects out of 1000 (max. 8388607)
 7 compressed objects within 1 object stream
 0 named destinations out of 1000 (max. 500000)
 1 words of extra memory for PDF output out of 10000 (max. 10000000)

